{"epoch": 2, "timestamp": "2025-08-17T14:42:30.294863", "elapsed_seconds": 0.02, "type": "avg_error_debug", "details": {"avg_error": 0.2498047739181962, "partName": "one"}, "partName": "one", "network_state": {"layer_sizes": [4, 1, 1, 2], "total_neurons": 8}}
{"epoch": 2, "timestamp": "2025-08-17T14:42:30.294863", "elapsed_seconds": 0.02, "type": "neuron_added", "details": {"neuron_id": 23, "layer": 1, "reason": "Layer too small (added to reach 2, capped by max_hidden=5)"}, "partName": "one", "network_state": {"layer_sizes": [4, 2, 1, 2], "total_neurons": 9}}
{"epoch": 2, "timestamp": "2025-08-17T14:42:30.294863", "elapsed_seconds": 0.02, "type": "neuron_added", "details": {"neuron_id": 24, "layer": 1, "reason": "Strengthening weak layer (health=0.62)"}, "partName": "one", "network_state": {"layer_sizes": [4, 3, 1, 2], "total_neurons": 10}}
{"epoch": 12, "timestamp": "2025-08-17T14:42:30.358354", "elapsed_seconds": 0.09, "type": "avg_error_debug", "details": {"avg_error": 0.24782904917854057, "partName": "one"}, "partName": "one", "network_state": {"layer_sizes": [4, 3, 1, 2], "total_neurons": 10}}
{"epoch": 12, "timestamp": "2025-08-17T14:42:30.358354", "elapsed_seconds": 0.09, "type": "neuron_added", "details": {"neuron_id": 25, "layer": 2, "reason": "Layer too small (added to reach 2, capped by max_hidden=5)"}, "partName": "one", "network_state": {"layer_sizes": [4, 3, 2, 2], "total_neurons": 11}}
{"epoch": 12, "timestamp": "2025-08-17T14:42:30.358354", "elapsed_seconds": 0.09, "type": "neuron_added", "details": {"neuron_id": 26, "layer": 1, "reason": "Strengthening weak layer (health=0.62)"}, "partName": "one", "network_state": {"layer_sizes": [4, 4, 2, 2], "total_neurons": 12}}
{"epoch": 22, "timestamp": "2025-08-17T14:42:30.408014", "elapsed_seconds": 0.14, "type": "avg_error_debug", "details": {"avg_error": 0.2519168842150979, "partName": "one"}, "partName": "one", "network_state": {"layer_sizes": [4, 4, 2, 2], "total_neurons": 12}}
{"epoch": 32, "timestamp": "2025-08-17T14:42:30.486110", "elapsed_seconds": 0.21, "type": "avg_error_debug", "details": {"avg_error": 0.24911605168092538, "partName": "one"}, "partName": "one", "network_state": {"layer_sizes": [4, 4, 2, 2], "total_neurons": 12}}
{"epoch": 42, "timestamp": "2025-08-17T14:42:30.553132", "elapsed_seconds": 0.28, "type": "avg_error_debug", "details": {"avg_error": 0.2476093258777278, "partName": "one"}, "partName": "one", "network_state": {"layer_sizes": [4, 4, 2, 2], "total_neurons": 12}}
{"epoch": 52, "timestamp": "2025-08-17T14:42:30.623063", "elapsed_seconds": 0.35, "type": "avg_error_debug", "details": {"avg_error": 0.24673436991073336, "partName": "one"}, "partName": "one", "network_state": {"layer_sizes": [4, 4, 2, 2], "total_neurons": 12}}
{"epoch": 62, "timestamp": "2025-08-17T14:42:30.702922", "elapsed_seconds": 0.43, "type": "avg_error_debug", "details": {"avg_error": 0.2461440227612176, "partName": "one"}, "partName": "one", "network_state": {"layer_sizes": [4, 4, 2, 2], "total_neurons": 12}}
{"epoch": 72, "timestamp": "2025-08-17T14:42:30.772892", "elapsed_seconds": 0.5, "type": "avg_error_debug", "details": {"avg_error": 0.24566699721683324, "partName": "one"}, "partName": "one", "network_state": {"layer_sizes": [4, 4, 2, 2], "total_neurons": 12}}
{"epoch": 82, "timestamp": "2025-08-17T14:42:30.843153", "elapsed_seconds": 0.57, "type": "avg_error_debug", "details": {"avg_error": 0.2452237023378069, "partName": "one"}, "partName": "one", "network_state": {"layer_sizes": [4, 4, 2, 2], "total_neurons": 12}}
{"epoch": 92, "timestamp": "2025-08-17T14:42:30.939390", "elapsed_seconds": 0.67, "type": "avg_error_debug", "details": {"avg_error": 0.24478141903213985, "partName": "one"}, "partName": "one", "network_state": {"layer_sizes": [4, 4, 2, 2], "total_neurons": 12}}
{"epoch": 102, "timestamp": "2025-08-17T14:42:31.014756", "elapsed_seconds": 0.74, "type": "avg_error_debug", "details": {"avg_error": 0.2443324441018342, "partName": "one"}, "partName": "one", "network_state": {"layer_sizes": [4, 4, 2, 2], "total_neurons": 12}}
{"epoch": 112, "timestamp": "2025-08-17T14:42:31.088256", "elapsed_seconds": 0.82, "type": "avg_error_debug", "details": {"avg_error": 0.24388266913199447, "partName": "one"}, "partName": "one", "network_state": {"layer_sizes": [4, 4, 2, 2], "total_neurons": 12}}
{"epoch": 122, "timestamp": "2025-08-17T14:42:31.163055", "elapsed_seconds": 0.89, "type": "avg_error_debug", "details": {"avg_error": 0.24459610670599774, "partName": "one"}, "partName": "one", "network_state": {"layer_sizes": [4, 4, 2, 2], "total_neurons": 12}}
{"epoch": 132, "timestamp": "2025-08-17T14:42:31.232803", "elapsed_seconds": 0.96, "type": "avg_error_debug", "details": {"avg_error": 0.24393289345539143, "partName": "one"}, "partName": "one", "network_state": {"layer_sizes": [4, 4, 2, 2], "total_neurons": 12}}
{"epoch": 142, "timestamp": "2025-08-17T14:42:31.313177", "elapsed_seconds": 1.04, "type": "avg_error_debug", "details": {"avg_error": 0.2433267084837287, "partName": "one"}, "partName": "one", "network_state": {"layer_sizes": [4, 4, 2, 2], "total_neurons": 12}}
{"epoch": 142, "timestamp": "2025-08-17T14:42:31.316732", "elapsed_seconds": 1.04, "type": "neuron_added", "details": {"neuron_id": 27, "layer": 1, "reason": "Strengthening weak layer (health=0.61)"}, "partName": "one", "network_state": {"layer_sizes": [4, 5, 2, 2], "total_neurons": 13}}
{"epoch": 152, "timestamp": "2025-08-17T14:42:31.397022", "elapsed_seconds": 1.12, "type": "avg_error_debug", "details": {"avg_error": 0.2435818322508437, "partName": "one"}, "partName": "one", "network_state": {"layer_sizes": [4, 5, 2, 2], "total_neurons": 13}}
{"epoch": 152, "timestamp": "2025-08-17T14:42:31.402955", "elapsed_seconds": 1.13, "type": "neuron_added", "details": {"neuron_id": 28, "layer": 1, "reason": "Strengthening weak layer (health=0.62)"}, "partName": "one", "network_state": {"layer_sizes": [4, 6, 2, 2], "total_neurons": 14}}
{"epoch": 160, "timestamp": "2025-08-17T14:42:31.476973", "elapsed_seconds": 1.2, "type": "lr_small_up", "details": {"before_lr": 0.1, "new_lr": 0.15000000000000002, "change": 0.05000000000000002, "increase_factor": 1.5, "reason": "min_limit_reached, trying escape", "lrChanged": 0}, "partName": "None", "network_state": {"layer_sizes": [], "total_neurons": 0}}
{"epoch": 162, "timestamp": "2025-08-17T14:42:31.492988", "elapsed_seconds": 1.22, "type": "avg_error_debug", "details": {"avg_error": 0.24499527080497308, "partName": "one"}, "partName": "one", "network_state": {"layer_sizes": [4, 6, 2, 2], "total_neurons": 14}}
{"epoch": 162, "timestamp": "2025-08-17T14:42:31.492988", "elapsed_seconds": 1.22, "type": "neuron_added", "details": {"neuron_id": 29, "layer": 2, "reason": "Layer too small (added to reach 3, capped by max_hidden=8)"}, "partName": "one", "network_state": {"layer_sizes": [4, 6, 3, 2], "total_neurons": 15}}
{"epoch": 162, "timestamp": "2025-08-17T14:42:31.492988", "elapsed_seconds": 1.22, "type": "neuron_added", "details": {"neuron_id": 30, "layer": 1, "reason": "Strengthening weak layer (health=0.60)"}, "partName": "one", "network_state": {"layer_sizes": [4, 7, 3, 2], "total_neurons": 16}}
{"epoch": 172, "timestamp": "2025-08-17T14:42:31.605004", "elapsed_seconds": 1.33, "type": "avg_error_debug", "details": {"avg_error": 0.2423190469895898, "partName": "one"}, "partName": "one", "network_state": {"layer_sizes": [4, 7, 3, 2], "total_neurons": 16}}
{"epoch": 172, "timestamp": "2025-08-17T14:42:31.605004", "elapsed_seconds": 1.33, "type": "neuron_added", "details": {"neuron_id": 31, "layer": 1, "reason": "Strengthening weak layer (health=0.59)"}, "partName": "one", "network_state": {"layer_sizes": [4, 8, 3, 2], "total_neurons": 17}}
{"epoch": 172, "timestamp": "2025-08-17T14:42:31.605004", "elapsed_seconds": 1.33, "type": "neuron_added", "details": {"neuron_id": 32, "layer": 2, "reason": "Strengthening weak layer (health=0.59)"}, "partName": "one", "network_state": {"layer_sizes": [4, 8, 4, 2], "total_neurons": 18}}
{"epoch": 180, "timestamp": "2025-08-17T14:42:31.716683", "elapsed_seconds": 1.44, "type": "lr_down", "details": {"before_lr": 0.15000000000000002, "new_lr": 0.14992500000000003, "change": -7.499999999999174e-05, "factor": 0.0005, "reason": "improvement: 0.005605 < threshold: 0.01", "lrChanged": 0}, "partName": "None", "network_state": {"layer_sizes": [], "total_neurons": 0}}
{"epoch": 182, "timestamp": "2025-08-17T14:42:31.736820", "elapsed_seconds": 1.46, "type": "avg_error_debug", "details": {"avg_error": 0.22686784741119323, "partName": "one"}, "partName": "one", "network_state": {"layer_sizes": [4, 8, 4, 2], "total_neurons": 18}}
{"epoch": 182, "timestamp": "2025-08-17T14:42:31.736820", "elapsed_seconds": 1.46, "type": "neuron_added", "details": {"neuron_id": 33, "layer": 1, "reason": "Strengthening weak layer (health=0.59)"}, "partName": "one", "network_state": {"layer_sizes": [4, 9, 4, 2], "total_neurons": 19}}
{"epoch": 182, "timestamp": "2025-08-17T14:42:31.736820", "elapsed_seconds": 1.46, "type": "neuron_added", "details": {"neuron_id": 34, "layer": 2, "reason": "Strengthening weak layer (health=0.56)"}, "partName": "one", "network_state": {"layer_sizes": [4, 9, 5, 2], "total_neurons": 20}}
{"epoch": 192, "timestamp": "2025-08-17T14:42:31.888799", "elapsed_seconds": 1.62, "type": "avg_error_debug", "details": {"avg_error": 0.19985262275783364, "partName": "one"}, "partName": "one", "network_state": {"layer_sizes": [4, 9, 5, 2], "total_neurons": 20}}
{"epoch": 192, "timestamp": "2025-08-17T14:42:31.893166", "elapsed_seconds": 1.62, "type": "neuron_added", "details": {"neuron_id": 35, "layer": 1, "reason": "Strengthening weak layer (health=0.60)"}, "partName": "one", "network_state": {"layer_sizes": [4, 10, 5, 2], "total_neurons": 21}}
{"epoch": 192, "timestamp": "2025-08-17T14:42:31.893166", "elapsed_seconds": 1.62, "type": "neuron_added", "details": {"neuron_id": 36, "layer": 2, "reason": "Strengthening weak layer (health=0.57)"}, "partName": "one", "network_state": {"layer_sizes": [4, 10, 6, 2], "total_neurons": 22}}
{"epoch": 200, "timestamp": "2025-08-17T14:42:32.053115", "elapsed_seconds": 1.78, "type": "lr_up", "details": {"before_lr": 0.14992500000000003, "new_lr": 0.14996135737471877, "change": 3.6357374718742896e-05, "adaptive_factor": 0.00024250375, "reason": "strong improvement: 0.055394 > threshold: 0.05", "lrChanged": -1}, "partName": "None", "network_state": {"layer_sizes": [], "total_neurons": 0}}
{"epoch": 202, "timestamp": "2025-08-17T14:42:32.103116", "elapsed_seconds": 1.83, "type": "avg_error_debug", "details": {"avg_error": 0.18251818522577712, "partName": "one"}, "partName": "one", "network_state": {"layer_sizes": [4, 10, 6, 2], "total_neurons": 22}}
{"epoch": 202, "timestamp": "2025-08-17T14:42:32.113232", "elapsed_seconds": 1.84, "type": "neuron_added", "details": {"neuron_id": 37, "layer": 2, "reason": "Strengthening weak layer (health=0.57)"}, "partName": "one", "network_state": {"layer_sizes": [4, 10, 7, 2], "total_neurons": 23}}
{"epoch": 212, "timestamp": "2025-08-17T14:42:32.337304", "elapsed_seconds": 2.06, "type": "avg_error_debug", "details": {"avg_error": 0.17515968046521938, "partName": "one"}, "partName": "one", "network_state": {"layer_sizes": [4, 10, 7, 2], "total_neurons": 23}}
{"epoch": 212, "timestamp": "2025-08-17T14:42:32.340889", "elapsed_seconds": 2.07, "type": "neuron_added", "details": {"neuron_id": 38, "layer": 2, "reason": "Strengthening weak layer (health=0.57)"}, "partName": "one", "network_state": {"layer_sizes": [4, 10, 8, 2], "total_neurons": 24}}
{"epoch": 220, "timestamp": "2025-08-17T14:42:32.533158", "elapsed_seconds": 2.26, "type": "lr_up", "details": {"before_lr": 0.14996135737471877, "new_lr": 0.14999772329362718, "change": 3.636591890840424e-05, "adaptive_factor": 0.00024250193213126408, "reason": "strong improvement: 0.145358 > threshold: 0.05", "lrChanged": 1}, "partName": "None", "network_state": {"layer_sizes": [], "total_neurons": 0}}
{"epoch": 222, "timestamp": "2025-08-17T14:42:32.579277", "elapsed_seconds": 2.31, "type": "avg_error_debug", "details": {"avg_error": 0.17212531789639254, "partName": "one"}, "partName": "one", "network_state": {"layer_sizes": [4, 10, 8, 2], "total_neurons": 24}}
{"epoch": 222, "timestamp": "2025-08-17T14:42:32.583245", "elapsed_seconds": 2.31, "type": "neuron_added", "details": {"neuron_id": 39, "layer": 2, "reason": "Strengthening weak layer (health=0.57)"}, "partName": "one", "network_state": {"layer_sizes": [4, 10, 9, 2], "total_neurons": 25}}
{"epoch": 232, "timestamp": "2025-08-17T14:42:32.853170", "elapsed_seconds": 2.58, "type": "avg_error_debug", "details": {"avg_error": 0.17013883813367114, "partName": "one"}, "partName": "one", "network_state": {"layer_sizes": [4, 10, 9, 2], "total_neurons": 25}}
{"epoch": 232, "timestamp": "2025-08-17T14:42:32.863485", "elapsed_seconds": 2.59, "type": "neuron_added", "details": {"neuron_id": 40, "layer": 2, "reason": "Strengthening weak layer (health=0.58)"}, "partName": "one", "network_state": {"layer_sizes": [4, 10, 10, 2], "total_neurons": 26}}
{"epoch": 240, "timestamp": "2025-08-17T14:42:33.092921", "elapsed_seconds": 2.82, "type": "lr_up", "details": {"before_lr": 0.14999772329362718, "new_lr": 0.1500340977586009, "change": 3.637446497373187e-05, "adaptive_factor": 0.00024250011383531865, "reason": "strong improvement: 0.241134 > threshold: 0.05", "lrChanged": 2}, "partName": "None", "network_state": {"layer_sizes": [], "total_neurons": 0}}
{"epoch": 242, "timestamp": "2025-08-17T14:42:33.152865", "elapsed_seconds": 2.88, "type": "avg_error_debug", "details": {"avg_error": 0.168818300052253, "partName": "one"}, "partName": "one", "network_state": {"layer_sizes": [4, 10, 10, 2], "total_neurons": 26}}
{"epoch": 242, "timestamp": "2025-08-17T14:42:33.152865", "elapsed_seconds": 2.88, "type": "neuron_added", "details": {"neuron_id": 41, "layer": 2, "reason": "Strengthening weak layer (health=0.58)"}, "partName": "one", "network_state": {"layer_sizes": [4, 10, 11, 2], "total_neurons": 27}}
{"epoch": 242, "timestamp": "2025-08-17T14:42:33.152865", "elapsed_seconds": 2.88, "type": "neuron_added", "details": {"neuron_id": 42, "layer": 2, "reason": "Strengthening weak layer (health=0.58)"}, "partName": "one", "network_state": {"layer_sizes": [4, 10, 12, 2], "total_neurons": 28}}
{"epoch": 252, "timestamp": "2025-08-17T14:42:33.493001", "elapsed_seconds": 3.22, "type": "avg_error_debug", "details": {"avg_error": 0.16783391568443234, "partName": "one"}, "partName": "one", "network_state": {"layer_sizes": [4, 10, 12, 2], "total_neurons": 28}}
{"epoch": 260, "timestamp": "2025-08-17T14:42:33.760980", "elapsed_seconds": 3.49, "type": "lr_up", "details": {"before_lr": 0.1500340977586009, "new_lr": 0.15007048077151605, "change": 3.638301291514212e-05, "adaptive_factor": 0.00024249829511206996, "reason": "strong improvement: 0.253766 > threshold: 0.05", "lrChanged": 3}, "partName": "None", "network_state": {"layer_sizes": [], "total_neurons": 0}}
{"epoch": 262, "timestamp": "2025-08-17T14:42:33.815199", "elapsed_seconds": 3.54, "type": "avg_error_debug", "details": {"avg_error": 0.1644273011584234, "partName": "one"}, "partName": "one", "network_state": {"layer_sizes": [4, 10, 12, 2], "total_neurons": 28}}
{"epoch": 272, "timestamp": "2025-08-17T14:42:34.142947", "elapsed_seconds": 3.87, "type": "avg_error_debug", "details": {"avg_error": 0.1599507025832513, "partName": "one"}, "partName": "one", "network_state": {"layer_sizes": [4, 10, 12, 2], "total_neurons": 28}}
{"epoch": 280, "timestamp": "2025-08-17T14:42:34.423231", "elapsed_seconds": 4.15, "type": "lr_up", "details": {"before_lr": 0.15007048077151605, "new_lr": 0.150106872334249, "change": 3.639156273294031e-05, "adaptive_factor": 0.00024249647596142422, "reason": "strong improvement: 0.201258 > threshold: 0.05", "lrChanged": 4}, "partName": "None", "network_state": {"layer_sizes": [], "total_neurons": 0}}
{"epoch": 282, "timestamp": "2025-08-17T14:42:34.493302", "elapsed_seconds": 4.22, "type": "avg_error_debug", "details": {"avg_error": 0.1542986035640978, "partName": "one"}, "partName": "one", "network_state": {"layer_sizes": [4, 10, 12, 2], "total_neurons": 28}}
{"epoch": 292, "timestamp": "2025-08-17T14:42:34.838307", "elapsed_seconds": 4.57, "type": "avg_error_debug", "details": {"avg_error": 0.14704276887571024, "partName": "one"}, "partName": "one", "network_state": {"layer_sizes": [4, 10, 12, 2], "total_neurons": 28}}
{"epoch": 300, "timestamp": "2025-08-17T14:42:35.116507", "elapsed_seconds": 4.84, "type": "lr_up", "details": {"before_lr": 0.150106872334249, "new_lr": 0.15014327244867645, "change": 3.6400114427459496e-05, "adaptive_factor": 0.00024249465638328754, "reason": "strong improvement: 0.140038 > threshold: 0.05", "lrChanged": 5}, "partName": "None", "network_state": {"layer_sizes": [], "total_neurons": 0}}
{"epoch": 302, "timestamp": "2025-08-17T14:42:35.183485", "elapsed_seconds": 4.91, "type": "avg_error_debug", "details": {"avg_error": 0.1383510732616153, "partName": "one"}, "partName": "one", "network_state": {"layer_sizes": [4, 10, 12, 2], "total_neurons": 28}}
{"epoch": 312, "timestamp": "2025-08-17T14:42:35.494293", "elapsed_seconds": 5.22, "type": "avg_error_debug", "details": {"avg_error": 0.12965477122383348, "partName": "one"}, "partName": "one", "network_state": {"layer_sizes": [4, 10, 12, 2], "total_neurons": 28}}
{"epoch": 320, "timestamp": "2025-08-17T14:42:35.773008", "elapsed_seconds": 5.5, "type": "lr_up", "details": {"before_lr": 0.15014327244867645, "new_lr": 0.15017968111667554, "change": 3.640866799908826e-05, "adaptive_factor": 0.00024249283637756619, "reason": "strong improvement: 0.149430 > threshold: 0.05", "lrChanged": 6}, "partName": "None", "network_state": {"layer_sizes": [], "total_neurons": 0}}
{"epoch": 322, "timestamp": "2025-08-17T14:42:35.845819", "elapsed_seconds": 5.57, "type": "avg_error_debug", "details": {"avg_error": 0.12023751315396095, "partName": "one"}, "partName": "one", "network_state": {"layer_sizes": [4, 10, 12, 2], "total_neurons": 28}}
{"epoch": 332, "timestamp": "2025-08-17T14:42:36.199126", "elapsed_seconds": 5.93, "type": "avg_error_debug", "details": {"avg_error": 0.1093775106967524, "partName": "one"}, "partName": "one", "network_state": {"layer_sizes": [4, 10, 12, 2], "total_neurons": 28}}
{"epoch": 340, "timestamp": "2025-08-17T14:42:36.477916", "elapsed_seconds": 6.2, "type": "lr_up", "details": {"before_lr": 0.15017968111667554, "new_lr": 0.1502160983401237, "change": 3.6417223448159675e-05, "adaptive_factor": 0.00024249101594416621, "reason": "strong improvement: 0.219504 > threshold: 0.05", "lrChanged": 7}, "partName": "None", "network_state": {"layer_sizes": [], "total_neurons": 0}}
{"epoch": 342, "timestamp": "2025-08-17T14:42:36.553025", "elapsed_seconds": 6.28, "type": "avg_error_debug", "details": {"avg_error": 0.09801498260217457, "partName": "one"}, "partName": "one", "network_state": {"layer_sizes": [4, 10, 12, 2], "total_neurons": 28}}
{"epoch": 352, "timestamp": "2025-08-17T14:42:36.903241", "elapsed_seconds": 6.63, "type": "avg_error_debug", "details": {"avg_error": 0.08796130022300666, "partName": "one"}, "partName": "one", "network_state": {"layer_sizes": [4, 10, 12, 2], "total_neurons": 28}}
{"epoch": 360, "timestamp": "2025-08-17T14:42:37.183215", "elapsed_seconds": 6.91, "type": "lr_up", "details": {"before_lr": 0.1502160983401237, "new_lr": 0.1502525241208987, "change": 3.64257807750068e-05, "adaptive_factor": 0.00024248919508299384, "reason": "strong improvement: 0.303053 > threshold: 0.05", "lrChanged": 8}, "partName": "None", "network_state": {"layer_sizes": [], "total_neurons": 0}}
{"epoch": 362, "timestamp": "2025-08-17T14:42:37.253232", "elapsed_seconds": 6.98, "type": "avg_error_debug", "details": {"avg_error": 0.080262888589413, "partName": "one"}, "partName": "one", "network_state": {"layer_sizes": [4, 10, 12, 2], "total_neurons": 28}}
{"epoch": 372, "timestamp": "2025-08-17T14:42:37.593302", "elapsed_seconds": 7.32, "type": "avg_error_debug", "details": {"avg_error": 0.07480377547813098, "partName": "one"}, "partName": "one", "network_state": {"layer_sizes": [4, 10, 12, 2], "total_neurons": 28}}
{"epoch": 380, "timestamp": "2025-08-17T14:42:37.882986", "elapsed_seconds": 7.61, "type": "lr_up", "details": {"before_lr": 0.1502525241208987, "new_lr": 0.15028895846087872, "change": 3.6434339980018215e-05, "adaptive_factor": 0.00024248737379395507, "reason": "strong improvement: 0.368622 > threshold: 0.05", "lrChanged": 9}, "partName": "None", "network_state": {"layer_sizes": [], "total_neurons": 0}}
{"epoch": 382, "timestamp": "2025-08-17T14:42:37.952894", "elapsed_seconds": 7.68, "type": "avg_error_debug", "details": {"avg_error": 0.07098975811315271, "partName": "one"}, "partName": "one", "network_state": {"layer_sizes": [4, 10, 12, 2], "total_neurons": 28}}
{"epoch": 382, "timestamp": "2025-08-17T14:42:37.952894", "elapsed_seconds": 7.68, "type": "neuron_added", "details": {"neuron_id": 43, "layer": 2, "reason": "Strengthening weak layer (health=0.53)"}, "partName": "one", "network_state": {"layer_sizes": [4, 10, 13, 2], "total_neurons": 29}}
{"epoch": 382, "timestamp": "2025-08-17T14:42:37.963230", "elapsed_seconds": 7.69, "type": "neuron_added", "details": {"neuron_id": 44, "layer": 2, "reason": "Strengthening weak layer (health=0.53)"}, "partName": "one", "network_state": {"layer_sizes": [4, 10, 14, 2], "total_neurons": 30}}
{"epoch": 392, "timestamp": "2025-08-17T14:42:38.362857", "elapsed_seconds": 8.09, "type": "avg_error_debug", "details": {"avg_error": 0.0683842041696032, "partName": "one"}, "partName": "one", "network_state": {"layer_sizes": [4, 10, 14, 2], "total_neurons": 30}}
{"epoch": 392, "timestamp": "2025-08-17T14:42:38.367821", "elapsed_seconds": 8.09, "type": "neuron_removed", "details": {"neuron_id": 42, "layer": 2, "reason": "Excessive neuron count"}, "partName": "one", "network_state": {"layer_sizes": [4, 10, 13, 2], "total_neurons": 29}}
{"epoch": 392, "timestamp": "2025-08-17T14:42:38.367821", "elapsed_seconds": 8.09, "type": "neuron_removed", "details": {"neuron_id": 38, "layer": 2, "reason": "Excessive neuron count"}, "partName": "one", "network_state": {"layer_sizes": [4, 10, 12, 2], "total_neurons": 28}}
{"epoch": 400, "timestamp": "2025-08-17T14:42:38.654839", "elapsed_seconds": 8.38, "type": "lr_up", "details": {"before_lr": 0.15028895846087872, "new_lr": 0.1503254013619422, "change": 3.644290106347148e-05, "adaptive_factor": 0.00024248555207695608, "reason": "strong improvement: 0.385201 > threshold: 0.05", "lrChanged": 10}, "partName": "None", "network_state": {"layer_sizes": [], "total_neurons": 0}}
{"epoch": 402, "timestamp": "2025-08-17T14:42:38.723516", "elapsed_seconds": 8.45, "type": "avg_error_debug", "details": {"avg_error": 0.07269505822046295, "partName": "one"}, "partName": "one", "network_state": {"layer_sizes": [4, 10, 12, 2], "total_neurons": 28}}
{"epoch": 412, "timestamp": "2025-08-17T14:42:39.065068", "elapsed_seconds": 8.79, "type": "avg_error_debug", "details": {"avg_error": 0.06713023143312018, "partName": "one"}, "partName": "one", "network_state": {"layer_sizes": [4, 10, 12, 2], "total_neurons": 28}}
{"epoch": 420, "timestamp": "2025-08-17T14:42:39.322888", "elapsed_seconds": 9.05, "type": "lr_up", "details": {"before_lr": 0.1503254013619422, "new_lr": 0.15036185282596795, "change": 3.6451464025755165e-05, "adaptive_factor": 0.00024248372993190291, "reason": "strong improvement: 0.343548 > threshold: 0.05", "lrChanged": 11}, "partName": "None", "network_state": {"layer_sizes": [], "total_neurons": 0}}
{"epoch": 422, "timestamp": "2025-08-17T14:42:39.400128", "elapsed_seconds": 9.13, "type": "avg_error_debug", "details": {"avg_error": 0.06422008581020086, "partName": "one"}, "partName": "one", "network_state": {"layer_sizes": [4, 10, 12, 2], "total_neurons": 28}}
{"epoch": 432, "timestamp": "2025-08-17T14:42:39.743146", "elapsed_seconds": 9.47, "type": "avg_error_debug", "details": {"avg_error": 0.06238673093316584, "partName": "one"}, "partName": "one", "network_state": {"layer_sizes": [4, 10, 12, 2], "total_neurons": 28}}
{"epoch": 440, "timestamp": "2025-08-17T14:42:40.022947", "elapsed_seconds": 9.75, "type": "lr_up", "details": {"before_lr": 0.15036185282596795, "new_lr": 0.15039831285483518, "change": 3.64600288672301e-05, "adaptive_factor": 0.00024248190735870159, "reason": "strong improvement: 0.261756 > threshold: 0.05", "lrChanged": 12}, "partName": "None", "network_state": {"layer_sizes": [], "total_neurons": 0}}
{"epoch": 442, "timestamp": "2025-08-17T14:42:40.101296", "elapsed_seconds": 9.83, "type": "avg_error_debug", "details": {"avg_error": 0.06107591969395204, "partName": "one"}, "partName": "one", "network_state": {"layer_sizes": [4, 10, 12, 2], "total_neurons": 28}}
{"epoch": 452, "timestamp": "2025-08-17T14:42:40.450544", "elapsed_seconds": 10.18, "type": "avg_error_debug", "details": {"avg_error": 0.06005620571363053, "partName": "one"}, "partName": "one", "network_state": {"layer_sizes": [4, 10, 12, 2], "total_neurons": 28}}
{"epoch": 460, "timestamp": "2025-08-17T14:42:40.733309", "elapsed_seconds": 10.46, "type": "lr_up", "details": {"before_lr": 0.15039831285483518, "new_lr": 0.1504347814504234, "change": 3.646859558822935e-05, "adaptive_factor": 0.00024248008435725824, "reason": "strong improvement: 0.201382 > threshold: 0.05", "lrChanged": 13}, "partName": "None", "network_state": {"layer_sizes": [], "total_neurons": 0}}
{"epoch": 462, "timestamp": "2025-08-17T14:42:40.803246", "elapsed_seconds": 10.53, "type": "avg_error_debug", "details": {"avg_error": 0.05922143191376387, "partName": "one"}, "partName": "one", "network_state": {"layer_sizes": [4, 10, 12, 2], "total_neurons": 28}}
{"epoch": 472, "timestamp": "2025-08-17T14:42:41.143059", "elapsed_seconds": 10.87, "type": "avg_error_debug", "details": {"avg_error": 0.0585128167227698, "partName": "one"}, "partName": "one", "network_state": {"layer_sizes": [4, 10, 12, 2], "total_neurons": 28}}
{"epoch": 480, "timestamp": "2025-08-17T14:42:41.429312", "elapsed_seconds": 11.16, "type": "lr_up", "details": {"before_lr": 0.1504347814504234, "new_lr": 0.1504712586146125, "change": 3.6477164189085975e-05, "adaptive_factor": 0.00024247826092747883, "reason": "strong improvement: 0.166742 > threshold: 0.05", "lrChanged": 14}, "partName": "None", "network_state": {"layer_sizes": [], "total_neurons": 0}}
{"epoch": 482, "timestamp": "2025-08-17T14:42:41.493138", "elapsed_seconds": 11.22, "type": "avg_error_debug", "details": {"avg_error": 0.05789629944429041, "partName": "one"}, "partName": "one", "network_state": {"layer_sizes": [4, 10, 12, 2], "total_neurons": 28}}
{"epoch": 492, "timestamp": "2025-08-17T14:42:41.818754", "elapsed_seconds": 11.55, "type": "avg_error_debug", "details": {"avg_error": 0.05734643151789717, "partName": "one"}, "partName": "one", "network_state": {"layer_sizes": [4, 10, 12, 2], "total_neurons": 28}}
{"epoch": 500, "timestamp": "2025-08-17T14:42:42.087963", "elapsed_seconds": 11.81, "type": "lr_up", "details": {"before_lr": 0.1504712586146125, "new_lr": 0.15050774434928268, "change": 3.648573467018856e-05, "adaptive_factor": 0.00024247643706926938, "reason": "strong improvement: 0.138786 > threshold: 0.05", "lrChanged": 15}, "partName": "None", "network_state": {"layer_sizes": [], "total_neurons": 0}}
{"epoch": 502, "timestamp": "2025-08-17T14:42:42.153175", "elapsed_seconds": 11.88, "type": "avg_error_debug", "details": {"avg_error": 0.05684534530919798, "partName": "one"}, "partName": "one", "network_state": {"layer_sizes": [4, 10, 12, 2], "total_neurons": 28}}
{"epoch": 512, "timestamp": "2025-08-17T14:42:42.483771", "elapsed_seconds": 12.21, "type": "avg_error_debug", "details": {"avg_error": 0.05637597525120476, "partName": "one"}, "partName": "one", "network_state": {"layer_sizes": [4, 10, 12, 2], "total_neurons": 28}}
{"epoch": 520, "timestamp": "2025-08-17T14:42:42.763341", "elapsed_seconds": 12.49, "type": "lr_up", "details": {"before_lr": 0.15050774434928268, "new_lr": 0.15054423865631456, "change": 3.649430703187018e-05, "adaptive_factor": 0.00024247461278253588, "reason": "strong improvement: 0.098825 > threshold: 0.05", "lrChanged": 16}, "partName": "None", "network_state": {"layer_sizes": [], "total_neurons": 0}}
{"epoch": 522, "timestamp": "2025-08-17T14:42:42.833010", "elapsed_seconds": 12.56, "type": "avg_error_debug", "details": {"avg_error": 0.05592456216972055, "partName": "one"}, "partName": "one", "network_state": {"layer_sizes": [4, 10, 12, 2], "total_neurons": 28}}
{"epoch": 532, "timestamp": "2025-08-17T14:42:43.173052", "elapsed_seconds": 12.9, "type": "avg_error_debug", "details": {"avg_error": 0.05547598101018589, "partName": "one"}, "partName": "one", "network_state": {"layer_sizes": [4, 10, 12, 2], "total_neurons": 28}}
{"epoch": 540, "timestamp": "2025-08-17T14:42:43.453002", "elapsed_seconds": 13.18, "type": "lr_up", "details": {"before_lr": 0.15054423865631456, "new_lr": 0.15058074153758902, "change": 3.650288127446388e-05, "adaptive_factor": 0.0002424727880671843, "reason": "strong improvement: 0.067382 > threshold: 0.05", "lrChanged": 17}, "partName": "None", "network_state": {"layer_sizes": [], "total_neurons": 0}}
{"epoch": 542, "timestamp": "2025-08-17T14:42:43.523141", "elapsed_seconds": 13.25, "type": "avg_error_debug", "details": {"avg_error": 0.05501712611562311, "partName": "one"}, "partName": "one", "network_state": {"layer_sizes": [4, 10, 12, 2], "total_neurons": 28}}
{"epoch": 552, "timestamp": "2025-08-17T14:42:43.853159", "elapsed_seconds": 13.58, "type": "avg_error_debug", "details": {"avg_error": 0.05453230485877362, "partName": "one"}, "partName": "one", "network_state": {"layer_sizes": [4, 10, 12, 2], "total_neurons": 28}}
{"epoch": 560, "timestamp": "2025-08-17T14:42:44.135174", "elapsed_seconds": 13.86, "type": "lr_up", "details": {"before_lr": 0.15058074153758902, "new_lr": 0.15061725299498732, "change": 3.651145739830275e-05, "adaptive_factor": 0.00024247096292312055, "reason": "strong improvement: 0.055238 > threshold: 0.05", "lrChanged": 18}, "partName": "None", "network_state": {"layer_sizes": [], "total_neurons": 0}}
{"epoch": 562, "timestamp": "2025-08-17T14:42:44.203073", "elapsed_seconds": 13.93, "type": "avg_error_debug", "details": {"avg_error": 0.0540059253467427, "partName": "one"}, "partName": "one", "network_state": {"layer_sizes": [4, 10, 12, 2], "total_neurons": 28}}
{"epoch": 572, "timestamp": "2025-08-17T14:42:44.565535", "elapsed_seconds": 14.29, "type": "avg_error_debug", "details": {"avg_error": 0.05341647173725133, "partName": "one"}, "partName": "one", "network_state": {"layer_sizes": [4, 10, 12, 2], "total_neurons": 28}}
{"epoch": 580, "timestamp": "2025-08-17T14:42:44.851208", "elapsed_seconds": 14.58, "type": "lr_up", "details": {"before_lr": 0.15061725299498732, "new_lr": 0.15065377303039107, "change": 3.65200354037476e-05, "adaptive_factor": 0.00024246913735025065, "reason": "strong improvement: 0.051502 > threshold: 0.05", "lrChanged": 19}, "partName": "None", "network_state": {"layer_sizes": [], "total_neurons": 0}}
{"epoch": 582, "timestamp": "2025-08-17T14:42:44.930245", "elapsed_seconds": 14.66, "type": "avg_error_debug", "details": {"avg_error": 0.05273854448662697, "partName": "one"}, "partName": "one", "network_state": {"layer_sizes": [4, 10, 12, 2], "total_neurons": 28}}
{"epoch": 592, "timestamp": "2025-08-17T14:42:45.252928", "elapsed_seconds": 14.98, "type": "avg_error_debug", "details": {"avg_error": 0.051933696520716846, "partName": "one"}, "partName": "one", "network_state": {"layer_sizes": [4, 10, 12, 2], "total_neurons": 28}}
{"epoch": 600, "timestamp": "2025-08-17T14:42:45.532911", "elapsed_seconds": 15.26, "type": "lr_up", "details": {"before_lr": 0.15065377303039107, "new_lr": 0.15069030164568226, "change": 3.6528615291187005e-05, "adaptive_factor": 0.00024246731134848045, "reason": "strong improvement: 0.054762 > threshold: 0.05", "lrChanged": 20}, "partName": "None", "network_state": {"layer_sizes": [], "total_neurons": 0}}
{"epoch": 602, "timestamp": "2025-08-17T14:42:45.603215", "elapsed_seconds": 15.33, "type": "avg_error_debug", "details": {"avg_error": 0.05094693818830622, "partName": "one"}, "partName": "one", "network_state": {"layer_sizes": [4, 10, 12, 2], "total_neurons": 28}}
{"epoch": 2, "timestamp": "2025-08-17T14:42:45.930095", "elapsed_seconds": 15.66, "type": "avg_error_debug", "details": {"avg_error": 0.25442148470492987, "partName": "two"}, "partName": "two", "network_state": {"layer_sizes": [2, 1, 2], "total_neurons": 5}}
{"epoch": 12, "timestamp": "2025-08-17T14:42:45.947775", "elapsed_seconds": 15.67, "type": "avg_error_debug", "details": {"avg_error": 0.25202060874870835, "partName": "two"}, "partName": "two", "network_state": {"layer_sizes": [2, 1, 2], "total_neurons": 5}}
{"epoch": 22, "timestamp": "2025-08-17T14:42:45.966974", "elapsed_seconds": 15.69, "type": "avg_error_debug", "details": {"avg_error": 0.2519990956332194, "partName": "two"}, "partName": "two", "network_state": {"layer_sizes": [2, 1, 2], "total_neurons": 5}}
{"epoch": 32, "timestamp": "2025-08-17T14:42:45.984113", "elapsed_seconds": 15.71, "type": "avg_error_debug", "details": {"avg_error": 0.2520244431056296, "partName": "two"}, "partName": "two", "network_state": {"layer_sizes": [2, 1, 2], "total_neurons": 5}}
{"epoch": 42, "timestamp": "2025-08-17T14:42:46.003374", "elapsed_seconds": 15.73, "type": "avg_error_debug", "details": {"avg_error": 0.25194459821445137, "partName": "two"}, "partName": "two", "network_state": {"layer_sizes": [2, 1, 2], "total_neurons": 5}}
{"epoch": 52, "timestamp": "2025-08-17T14:42:46.019473", "elapsed_seconds": 15.75, "type": "avg_error_debug", "details": {"avg_error": 0.25150791970397574, "partName": "two"}, "partName": "two", "network_state": {"layer_sizes": [2, 1, 2], "total_neurons": 5}}
{"epoch": 62, "timestamp": "2025-08-17T14:42:46.038251", "elapsed_seconds": 15.77, "type": "avg_error_debug", "details": {"avg_error": 0.24972716293743458, "partName": "two"}, "partName": "two", "network_state": {"layer_sizes": [2, 1, 2], "total_neurons": 5}}
{"epoch": 62, "timestamp": "2025-08-17T14:42:46.038251", "elapsed_seconds": 15.77, "type": "neuron_added", "details": {"neuron_id": 65, "layer": 1, "reason": "Strengthening weak layer (health=0.62)"}, "partName": "two", "network_state": {"layer_sizes": [2, 2, 2], "total_neurons": 6}}
{"epoch": 72, "timestamp": "2025-08-17T14:42:46.053206", "elapsed_seconds": 15.78, "type": "avg_error_debug", "details": {"avg_error": 0.24532839707483833, "partName": "two"}, "partName": "two", "network_state": {"layer_sizes": [2, 2, 2], "total_neurons": 6}}
{"epoch": 72, "timestamp": "2025-08-17T14:42:46.053206", "elapsed_seconds": 15.78, "type": "neuron_added", "details": {"neuron_id": 66, "layer": 1, "reason": "Strengthening weak layer (health=0.61)"}, "partName": "two", "network_state": {"layer_sizes": [2, 3, 2], "total_neurons": 7}}
{"epoch": 82, "timestamp": "2025-08-17T14:42:46.072896", "elapsed_seconds": 15.8, "type": "avg_error_debug", "details": {"avg_error": 0.1954173266503828, "partName": "two"}, "partName": "two", "network_state": {"layer_sizes": [2, 3, 2], "total_neurons": 7}}
{"epoch": 82, "timestamp": "2025-08-17T14:42:46.076894", "elapsed_seconds": 15.8, "type": "neuron_added", "details": {"neuron_id": 67, "layer": 1, "reason": "Strengthening weak layer (health=0.58)"}, "partName": "two", "network_state": {"layer_sizes": [2, 4, 2], "total_neurons": 8}}
{"epoch": 92, "timestamp": "2025-08-17T14:42:46.092928", "elapsed_seconds": 15.82, "type": "avg_error_debug", "details": {"avg_error": 0.13753832854566328, "partName": "two"}, "partName": "two", "network_state": {"layer_sizes": [2, 4, 2], "total_neurons": 8}}
{"epoch": 102, "timestamp": "2025-08-17T14:42:46.112947", "elapsed_seconds": 15.84, "type": "avg_error_debug", "details": {"avg_error": 0.10763582874466611, "partName": "two"}, "partName": "two", "network_state": {"layer_sizes": [2, 4, 2], "total_neurons": 8}}
{"epoch": 112, "timestamp": "2025-08-17T14:42:46.133182", "elapsed_seconds": 15.86, "type": "avg_error_debug", "details": {"avg_error": 0.09200294762686671, "partName": "two"}, "partName": "two", "network_state": {"layer_sizes": [2, 4, 2], "total_neurons": 8}}
{"epoch": 122, "timestamp": "2025-08-17T14:42:46.156899", "elapsed_seconds": 15.88, "type": "avg_error_debug", "details": {"avg_error": 0.08279657732179893, "partName": "two"}, "partName": "two", "network_state": {"layer_sizes": [2, 4, 2], "total_neurons": 8}}
{"epoch": 132, "timestamp": "2025-08-17T14:42:46.172982", "elapsed_seconds": 15.9, "type": "avg_error_debug", "details": {"avg_error": 0.07668551059823882, "partName": "two"}, "partName": "two", "network_state": {"layer_sizes": [2, 4, 2], "total_neurons": 8}}
{"epoch": 142, "timestamp": "2025-08-17T14:42:46.193073", "elapsed_seconds": 15.92, "type": "avg_error_debug", "details": {"avg_error": 0.0722084294289432, "partName": "two"}, "partName": "two", "network_state": {"layer_sizes": [2, 4, 2], "total_neurons": 8}}
{"epoch": 152, "timestamp": "2025-08-17T14:42:46.219995", "elapsed_seconds": 15.95, "type": "avg_error_debug", "details": {"avg_error": 0.06867198221797766, "partName": "two"}, "partName": "two", "network_state": {"layer_sizes": [2, 4, 2], "total_neurons": 8}}
{"epoch": 162, "timestamp": "2025-08-17T14:42:46.237482", "elapsed_seconds": 15.96, "type": "avg_error_debug", "details": {"avg_error": 0.06571957808715566, "partName": "two"}, "partName": "two", "network_state": {"layer_sizes": [2, 4, 2], "total_neurons": 8}}
{"epoch": 172, "timestamp": "2025-08-17T14:42:46.253125", "elapsed_seconds": 15.98, "type": "avg_error_debug", "details": {"avg_error": 0.06315430571255068, "partName": "two"}, "partName": "two", "network_state": {"layer_sizes": [2, 4, 2], "total_neurons": 8}}
{"epoch": 182, "timestamp": "2025-08-17T14:42:46.273143", "elapsed_seconds": 16.0, "type": "avg_error_debug", "details": {"avg_error": 0.06086069455810899, "partName": "two"}, "partName": "two", "network_state": {"layer_sizes": [2, 4, 2], "total_neurons": 8}}
{"epoch": 192, "timestamp": "2025-08-17T14:42:46.292920", "elapsed_seconds": 16.02, "type": "avg_error_debug", "details": {"avg_error": 0.058767528930156826, "partName": "two"}, "partName": "two", "network_state": {"layer_sizes": [2, 4, 2], "total_neurons": 8}}
{"epoch": 202, "timestamp": "2025-08-17T14:42:46.316833", "elapsed_seconds": 16.04, "type": "avg_error_debug", "details": {"avg_error": 0.056828971785144206, "partName": "two"}, "partName": "two", "network_state": {"layer_sizes": [2, 4, 2], "total_neurons": 8}}
{"epoch": 212, "timestamp": "2025-08-17T14:42:46.333013", "elapsed_seconds": 16.06, "type": "avg_error_debug", "details": {"avg_error": 0.05501441701203445, "partName": "two"}, "partName": "two", "network_state": {"layer_sizes": [2, 4, 2], "total_neurons": 8}}
{"epoch": 222, "timestamp": "2025-08-17T14:42:46.353231", "elapsed_seconds": 16.08, "type": "avg_error_debug", "details": {"avg_error": 0.05330275709805602, "partName": "two"}, "partName": "two", "network_state": {"layer_sizes": [2, 4, 2], "total_neurons": 8}}
{"epoch": 232, "timestamp": "2025-08-17T14:42:46.372948", "elapsed_seconds": 16.1, "type": "avg_error_debug", "details": {"avg_error": 0.05167900379537346, "partName": "two"}, "partName": "two", "network_state": {"layer_sizes": [2, 4, 2], "total_neurons": 8}}
{"epoch": 242, "timestamp": "2025-08-17T14:42:46.393300", "elapsed_seconds": 16.12, "type": "avg_error_debug", "details": {"avg_error": 0.05013222120829969, "partName": "two"}, "partName": "two", "network_state": {"layer_sizes": [2, 4, 2], "total_neurons": 8}}
